<?xml version="1.0" encoding="UTF-8"?>
<!-- Generated by org.testng.reporters.JUnitReportReporter -->
<testsuite hostname="DESKTOP-IPEAES0" failures="0" tests="1" name="script.Demo" time="0.009" errors="0" timestamp="2021-10-27T11:53:39 IST" skipped="0">
  <testcase classname="script.Demo" name="add" time="0.009"/>
  <system-out/>
</testsuite> <!-- script.Demo -->
