<?xml version="1.0" encoding="UTF-8"?>
<!-- Generated by org.testng.reporters.JUnitReportReporter -->
<testsuite hostname="DESKTOP-IPEAES0" failures="0" tests="2" name="testNg.Textcase5" time="0.005" errors="0" timestamp="2021-10-28T11:30:51 IST" skipped="1">
  <testcase classname="testNg.Textcase5" name="c1" time="0.005"/>
  <system-out/>
  <testcase classname="testNg.Textcase5" name="a1">
    <skipped/>
  </testcase> <!-- a1 -->
  <system-out/>
</testsuite> <!-- testNg.Textcase5 -->
