<?xml version="1.0" encoding="UTF-8"?>
<!-- Generated by org.testng.reporters.JUnitReportReporter -->
<testsuite hostname="DESKTOP-IPEAES0" failures="0" tests="1" name="testNg.Flipkart" time="2.339" errors="0" timestamp="2021-10-29T11:07:18 IST" skipped="0">
  <testcase classname="testNg.Flipkart" name="nav2" time="2.339"/>
  <system-out/>
</testsuite> <!-- testNg.Flipkart -->
