<?xml version="1.0" encoding="UTF-8"?>
<!-- Generated by org.testng.reporters.JUnitReportReporter -->
<testsuite hostname="DESKTOP-IPEAES0" failures="0" tests="2" name="testNg.Testcase8" time="20.418" errors="0" timestamp="2021-10-28T12:04:57 IST" skipped="0">
  <testcase classname="testNg.Testcase8" name="loginDemo" time="10.153"/>
  <system-out/>
  <testcase classname="testNg.Testcase8" name="loginDemo" time="10.265"/>
  <system-out/>
</testsuite> <!-- testNg.Testcase8 -->
