<?xml version="1.0" encoding="UTF-8"?>
<!-- Generated by org.testng.reporters.JUnitReportReporter -->
<testsuite hostname="DESKTOP-IPEAES0" failures="0" tests="1" name="testNg.Group2" time="0.004" errors="0" timestamp="2021-10-29T10:33:04 IST" skipped="0">
  <testcase classname="testNg.Group2" name="sample3" time="0.004"/>
  <system-out/>
</testsuite> <!-- testNg.Group2 -->
