<?xml version="1.0" encoding="UTF-8"?>
<!-- Generated by org.testng.reporters.JUnitReportReporter -->
<testsuite hostname="DESKTOP-IPEAES0" failures="0" tests="3" name="testNg.Testcase4" time="0.006" errors="0" timestamp="2021-11-01T09:30:05 IST" skipped="0">
  <testcase classname="testNg.Testcase4" name="b1" time="0.005"/>
  <system-out/>
  <testcase classname="testNg.Testcase4" name="a1" time="0.000"/>
  <system-out/>
  <testcase classname="testNg.Testcase4" name="c1" time="0.001"/>
  <system-out/>
</testsuite> <!-- testNg.Testcase4 -->
