<?xml version="1.0" encoding="UTF-8"?>
<!-- Generated by org.testng.reporters.JUnitReportReporter -->
<testsuite hostname="DESKTOP-IPEAES0" failures="0" tests="2" name="testNg.Testcase9" time="21.659" errors="0" timestamp="2021-10-28T12:17:16 IST" skipped="0">
  <testcase classname="testNg.Testcase9" name="loginDemo" time="11.986"/>
  <system-out/>
  <testcase classname="testNg.Testcase9" name="loginDemo" time="9.673"/>
  <system-out/>
</testsuite> <!-- testNg.Testcase9 -->
