<?xml version="1.0" encoding="UTF-8"?>
<!-- Generated by org.testng.reporters.JUnitReportReporter -->
<testsuite hostname="DESKTOP-IPEAES0" failures="0" tests="1" name="testNg.Testcase6" time="0.006" errors="0" timestamp="2021-10-28T11:39:27 IST" skipped="0">
  <testcase classname="testNg.Testcase6" name="login" time="0.006"/>
  <system-out>
    <![CDATA[its reporter class
test case id:001]]>
  </system-out>
</testsuite> <!-- testNg.Testcase6 -->
