<?xml version="1.0" encoding="UTF-8"?>
<!-- Generated by org.testng.reporters.JUnitReportReporter -->
<testsuite hostname="DESKTOP-IPEAES0" failures="0" tests="1" name="testNg.Amazon" time="3.461" errors="0" timestamp="2021-10-29T11:07:18 IST" skipped="0">
  <testcase classname="testNg.Amazon" name="nav" time="3.461"/>
  <system-out/>
</testsuite> <!-- testNg.Amazon -->
