<?xml version="1.0" encoding="UTF-8"?>
<!-- Generated by org.testng.reporters.JUnitReportReporter -->
<testsuite hostname="DESKTOP-IPEAES0" failures="0" tests="1" name="testNg.Myntra" time="3.749" errors="0" timestamp="2021-10-29T11:07:18 IST" skipped="0">
  <testcase classname="testNg.Myntra" name="nav3" time="3.749"/>
  <system-out/>
</testsuite> <!-- testNg.Myntra -->
